<?xml version="1.0" encoding="UTF-8"?>
<testsuite xmlns:xsi="http://www.w3.org/2001/XMLSchema-instance" xsi:noNamespaceSchemaLocation="https://maven.apache.org/surefire/maven-surefire-plugin/xsd/surefire-test-report-3.0.xsd" version="3.0" name="com.algonquincollege.cst8277.models.EmployeeSystemTestSuite" time="2.685" tests="50" errors="0" skipped="0" failures="0">
  <properties>
[...]
</properties>
  <testcase name="test01_setup" classname="com.algonquincollege.cst8277.models.EmployeeSystemTestSuite" time="0.096"/>
  <testcase name="test02_new_employee" classname="com.algonquincollege.cst8277.models.EmployeeSystemTestSuite" time="0.309"/>
  <testcase name="test03_expensive_employees" classname="com.algonquincollege.cst8277.models.EmployeeSystemTestSuite" time="0.018"/>
  <testcase name="test04_employee_count" classname="com.algonquincollege.cst8277.models.EmployeeSystemTestSuite" time="0.018"/>
  <testcase name="test05_employees_no_projects" classname="com.algonquincollege.cst8277.models.EmployeeSystemTestSuite" time="0.023"/>
  <testcase name="test06_employees_last_name" classname="com.algonquincollege.cst8277.models.EmployeeSystemTestSuite" time="0.034"/>
  <testcase name="test07_employee_tasks" classname="com.algonquincollege.cst8277.models.EmployeeSystemTestSuite" time="0.033"/>
  <testcase name="test08_remove_tasks" classname="com.algonquincollege.cst8277.models.EmployeeSystemTestSuite" time="0.025"/>
  <testcase name="test09_new_project" classname="com.algonquincollege.cst8277.models.EmployeeSystemTestSuite" time="0.017"/>
  <testcase name="test10_assign_project" classname="com.algonquincollege.cst8277.models.EmployeeSystemTestSuite" time="0.009"/>
  <testcase name="test11_remove_project" classname="com.algonquincollege.cst8277.models.EmployeeSystemTestSuite" time="0.01"/>
  <testcase name="test12_no_phones" classname="com.algonquincollege.cst8277.models.EmployeeSystemTestSuite" time="0.007"/>
  <testcase name="test13_new_mobile_phone" classname="com.algonquincollege.cst8277.models.EmployeeSystemTestSuite" time="0.009"/>
  <testcase name="test14_new_home_phone" classname="com.algonquincollege.cst8277.models.EmployeeSystemTestSuite" time="0.008"/>
  <testcase name="test15_new_work_phone" classname="com.algonquincollege.cst8277.models.EmployeeSystemTestSuite" time="0.008"/>
  <testcase name="test16_assigning_phones" classname="com.algonquincollege.cst8277.models.EmployeeSystemTestSuite" time="0.015"/>
  <testcase name="test17_remove_phones" classname="com.algonquincollege.cst8277.models.EmployeeSystemTestSuite" time="0.01"/>
  <testcase name="test18_remove_emp" classname="com.algonquincollege.cst8277.models.EmployeeSystemTestSuite" time="0.008"/>
  <testcase name="test19_new_address" classname="com.algonquincollege.cst8277.models.EmployeeSystemTestSuite" time="0.046"/>
  <testcase name="test20_update_address_cascade" classname="com.algonquincollege.cst8277.models.EmployeeSystemTestSuite" time="0.003"/>
  <testcase name="test21_remove_address_cascade" classname="com.algonquincollege.cst8277.models.EmployeeSystemTestSuite" time="0.01"/>
  <testcase name="test22_update_salary" classname="com.algonquincollege.cst8277.models.EmployeeSystemTestSuite" time="0.011"/>
  <testcase name="test23_listener_create_timestamp" classname="com.algonquincollege.cst8277.models.EmployeeSystemTestSuite" time="0.004"/>
  <testcase name="test24_listener_update_timestamp" classname="com.algonquincollege.cst8277.models.EmployeeSystemTestSuite" time="0.007"/>
  <testcase name="test25_employee_version" classname="com.algonquincollege.cst8277.models.EmployeeSystemTestSuite" time="0.008"/>
  <testcase name="test26_task_finished" classname="com.algonquincollege.cst8277.models.EmployeeSystemTestSuite" time="0.019"/>
  <testcase name="test27_task_dates" classname="com.algonquincollege.cst8277.models.EmployeeSystemTestSuite" time="0.02"/>
  <testcase name="test28_employees_salaries" classname="com.algonquincollege.cst8277.models.EmployeeSystemTestSuite" time="0.005"/>
  <testcase name="test29_employees_no_address" classname="com.algonquincollege.cst8277.models.EmployeeSystemTestSuite" time="0.007"/>
  <testcase name="test30_employees_with_title" classname="com.algonquincollege.cst8277.models.EmployeeSystemTestSuite" time="0.002"/>
  <testcase name="test31_projects_with_name" classname="com.algonquincollege.cst8277.models.EmployeeSystemTestSuite" time="0.006"/>
  <testcase name="test32_phones_no_employee" classname="com.algonquincollege.cst8277.models.EmployeeSystemTestSuite" time="0.003"/>
  <testcase name="test33_employee_auto_id" classname="com.algonquincollege.cst8277.models.EmployeeSystemTestSuite" time="0.003"/>
  <testcase name="test34_remaining_phones_type" classname="com.algonquincollege.cst8277.models.EmployeeSystemTestSuite" time="0.004"/>
  <testcase name="test35_employees_email" classname="com.algonquincollege.cst8277.models.EmployeeSystemTestSuite" time="0.006"/>
  <testcase name="test36_employees_created_April" classname="com.algonquincollege.cst8277.models.EmployeeSystemTestSuite" time="0.012"/>
  <testcase name="test37_employees_titles" classname="com.algonquincollege.cst8277.models.EmployeeSystemTestSuite" time="0.004"/>
  <testcase name="test38_employees_full_name" classname="com.algonquincollege.cst8277.models.EmployeeSystemTestSuite" time="0.007"/>
  <testcase name="test39_employees_home_phone_directions" classname="com.algonquincollege.cst8277.models.EmployeeSystemTestSuite" time="0.004"/>
  <testcase name="test40_employees_mobile_phone_provider" classname="com.algonquincollege.cst8277.models.EmployeeSystemTestSuite" time="0.008"/>
  <testcase name="test41_employees_work_phone_department" classname="com.algonquincollege.cst8277.models.EmployeeSystemTestSuite" time="0.01"/>
  <testcase name="test42_employees_first_name" classname="com.algonquincollege.cst8277.models.EmployeeSystemTestSuite" time="0.003"/>
  <testcase name="test43_delete_all_projects" classname="com.algonquincollege.cst8277.models.EmployeeSystemTestSuite" time="0.006"/>
  <testcase name="test44_delete_all_tasks" classname="com.algonquincollege.cst8277.models.EmployeeSystemTestSuite" time="0.014"/>
  <testcase name="test45_address_search_like" classname="com.algonquincollege.cst8277.models.EmployeeSystemTestSuite" time="0.012"/>
  <testcase name="test46_delete_all_addresses" classname="com.algonquincollege.cst8277.models.EmployeeSystemTestSuite" time="0.008"/>
  <testcase name="test47_employee_auto_ids" classname="com.algonquincollege.cst8277.models.EmployeeSystemTestSuite" time="0.003"/>
  <testcase name="test48_projects_search_like" classname="com.algonquincollege.cst8277.models.EmployeeSystemTestSuite" time="0.011"/>
  <testcase name="test49_delete_all_employees" classname="com.algonquincollege.cst8277.models.EmployeeSystemTestSuite" time="0.029"/>
  <testcase name="test50_phone_orphan_removal" classname="com.algonquincollege.cst8277.models.EmployeeSystemTestSuite" time="0.001"/>
</testsuite>